18:46:51.706 [main] INFO  c.e.esm.SpringBootApplicationRunner - Starting SpringBootApplicationRunner using Java 1.8.0_302 on DESKTOP-46N34OV with PID 18448 (D:\module-2\controller\target\classes started by XIAOMi in D:\module-2\controller)
18:46:51.709 [main] INFO  c.e.esm.SpringBootApplicationRunner - The following 1 profile is active: "production"
18:46:52.520 [main] INFO  o.s.d.r.c.RepositoryConfigurationDelegate - Bootstrapping Spring Data JPA repositories in DEFAULT mode.
18:46:52.549 [main] INFO  o.s.d.r.c.RepositoryConfigurationDelegate - Finished Spring Data repository scanning in 16 ms. Found 0 JPA repository interfaces.
18:46:53.822 [main] INFO  o.s.b.w.e.tomcat.TomcatWebServer - Tomcat initialized with port(s): 8080 (http)
18:46:53.842 [main] INFO  o.a.coyote.http11.Http11NioProtocol - Initializing ProtocolHandler ["http-nio-8080"]
18:46:53.843 [main] INFO  o.a.catalina.core.StandardService - Starting service [Tomcat]
18:46:53.843 [main] INFO  o.a.catalina.core.StandardEngine - Starting Servlet engine: [Apache Tomcat/9.0.62]
18:46:54.014 [main] INFO  o.a.c.c.C.[Tomcat].[localhost].[/] - Initializing Spring embedded WebApplicationContext
18:46:54.015 [main] INFO  o.s.b.w.s.c.ServletWebServerApplicationContext - Root WebApplicationContext: initialization completed in 2208 ms
18:46:54.343 [main] INFO  o.h.jpa.internal.util.LogHelper - HHH000204: Processing PersistenceUnitInfo [name: default]
18:46:54.415 [main] INFO  org.hibernate.Version - HHH000412: Hibernate ORM core version 5.6.8.Final
18:46:54.674 [main] INFO  o.h.annotations.common.Version - HCANN000001: Hibernate Commons Annotations {5.1.2.Final}
18:46:54.804 [main] INFO  com.zaxxer.hikari.HikariDataSource - HikariPool-1 - Starting...
18:46:54.997 [main] INFO  com.zaxxer.hikari.HikariDataSource - HikariPool-1 - Start completed.
18:46:55.017 [main] INFO  org.hibernate.dialect.Dialect - HHH000400: Using dialect: org.hibernate.dialect.MySQL8Dialect
18:46:55.877 [main] INFO  o.h.e.t.j.p.i.JtaPlatformInitiator - HHH000490: Using JtaPlatform implementation: [org.hibernate.engine.transaction.jta.platform.internal.NoJtaPlatform]
18:46:55.893 [main] INFO  o.s.o.j.LocalContainerEntityManagerFactoryBean - Initialized JPA EntityManagerFactory for persistence unit 'default'
18:46:56.277 [main] WARN  o.s.b.a.o.j.JpaBaseConfiguration$JpaWebConfiguration - spring.jpa.open-in-view is enabled by default. Therefore, database queries may be performed during view rendering. Explicitly configure spring.jpa.open-in-view to disable this warning
18:46:57.433 [main] INFO  o.a.coyote.http11.Http11NioProtocol - Starting ProtocolHandler ["http-nio-8080"]
18:46:57.465 [main] INFO  o.s.b.w.e.tomcat.TomcatWebServer - Tomcat started on port(s): 8080 (http) with context path ''
18:46:57.478 [main] INFO  c.e.esm.SpringBootApplicationRunner - Started SpringBootApplicationRunner in 6.192 seconds (JVM running for 7.165)
18:47:05.733 [http-nio-8080-exec-2] INFO  o.a.c.c.C.[Tomcat].[localhost].[/] - Initializing Spring DispatcherServlet 'dispatcherServlet'
18:47:05.734 [http-nio-8080-exec-2] INFO  o.s.web.servlet.DispatcherServlet - Initializing Servlet 'dispatcherServlet'
18:47:05.736 [http-nio-8080-exec-2] INFO  o.s.web.servlet.DispatcherServlet - Completed initialization in 1 ms
18:47:05.839 [http-nio-8080-exec-2] INFO  com.epam.esm.logging.AspectLogging - Service layer, Method name: getById starts
18:47:05.847 [http-nio-8080-exec-2] INFO  com.epam.esm.logging.AspectLogging - Service layer, Method name: getById starts
18:47:05.850 [http-nio-8080-exec-2] INFO  com.epam.esm.logging.AspectLogging - Model layer, Method name: getById starts
18:47:09.551 [http-nio-8080-exec-3] INFO  com.epam.esm.logging.AspectLogging - Service layer, Method name: getById starts
18:47:09.551 [http-nio-8080-exec-3] INFO  com.epam.esm.logging.AspectLogging - Service layer, Method name: getById starts
18:47:09.551 [http-nio-8080-exec-3] ERROR com.epam.esm.logging.AspectLogging - Method from Service layer throws an exception: com.epam.esm.exceptions.ValidatorException: checkTheId
18:47:09.551 [http-nio-8080-exec-3] ERROR com.epam.esm.logging.AspectLogging - Method from Service layer throws an exception: com.epam.esm.exceptions.ValidatorException: checkTheId
18:47:15.197 [http-nio-8080-exec-5] INFO  com.epam.esm.logging.AspectLogging - Service layer, Method name: getById starts
18:47:15.197 [http-nio-8080-exec-5] INFO  com.epam.esm.logging.AspectLogging - Service layer, Method name: getById starts
18:47:15.197 [http-nio-8080-exec-5] INFO  com.epam.esm.logging.AspectLogging - Model layer, Method name: getById starts
18:47:24.609 [http-nio-8080-exec-6] INFO  com.epam.esm.logging.AspectLogging - Service layer, Method name: getAll starts
18:47:24.624 [http-nio-8080-exec-6] INFO  com.epam.esm.logging.AspectLogging - Service layer, Method name: getAll starts
18:47:24.642 [http-nio-8080-exec-6] INFO  com.epam.esm.logging.AspectLogging - Model layer, Method name: getAll starts
18:47:28.476 [http-nio-8080-exec-7] INFO  com.epam.esm.logging.AspectLogging - Service layer, Method name: ordersByUserId starts
18:47:28.477 [http-nio-8080-exec-7] INFO  com.epam.esm.logging.AspectLogging - Service layer, Method name: ordersByUserId starts
18:47:28.477 [http-nio-8080-exec-7] INFO  com.epam.esm.logging.AspectLogging - Service layer, Method name: getById starts
18:47:28.477 [http-nio-8080-exec-7] INFO  com.epam.esm.logging.AspectLogging - Model layer, Method name: getById starts
18:47:28.483 [http-nio-8080-exec-7] ERROR com.epam.esm.logging.AspectLogging - Method from Service layer throws an exception: com.epam.esm.exceptions.NoSuchEntityException: userDoesNotHaveAnyOrders
18:47:28.484 [http-nio-8080-exec-7] ERROR com.epam.esm.logging.AspectLogging - Method from Service layer throws an exception: com.epam.esm.exceptions.NoSuchEntityException: userDoesNotHaveAnyOrders
18:47:32.768 [http-nio-8080-exec-8] INFO  com.epam.esm.logging.AspectLogging - Service layer, Method name: ordersByUserId starts
18:47:32.768 [http-nio-8080-exec-8] INFO  com.epam.esm.logging.AspectLogging - Service layer, Method name: ordersByUserId starts
18:47:32.769 [http-nio-8080-exec-8] INFO  com.epam.esm.logging.AspectLogging - Service layer, Method name: getById starts
18:47:32.769 [http-nio-8080-exec-8] INFO  com.epam.esm.logging.AspectLogging - Model layer, Method name: getById starts
18:47:32.772 [http-nio-8080-exec-8] ERROR com.epam.esm.logging.AspectLogging - Method from Service layer throws an exception: com.epam.esm.exceptions.NoSuchEntityException: userDoesNotHaveAnyOrders
18:47:32.772 [http-nio-8080-exec-8] ERROR com.epam.esm.logging.AspectLogging - Method from Service layer throws an exception: com.epam.esm.exceptions.NoSuchEntityException: userDoesNotHaveAnyOrders
18:47:38.244 [http-nio-8080-exec-9] INFO  com.epam.esm.logging.AspectLogging - Service layer, Method name: ordersByUserId starts
18:47:38.245 [http-nio-8080-exec-9] INFO  com.epam.esm.logging.AspectLogging - Service layer, Method name: ordersByUserId starts
18:47:38.245 [http-nio-8080-exec-9] INFO  com.epam.esm.logging.AspectLogging - Service layer, Method name: getById starts
18:47:38.245 [http-nio-8080-exec-9] INFO  com.epam.esm.logging.AspectLogging - Model layer, Method name: getById starts
18:47:38.248 [http-nio-8080-exec-9] INFO  com.epam.esm.logging.AspectLogging - Model layer, Method name: ordersByUserId starts
18:47:43.600 [http-nio-8080-exec-10] INFO  com.epam.esm.logging.AspectLogging - Service layer, Method name: getAll starts
18:47:43.607 [http-nio-8080-exec-10] INFO  com.epam.esm.logging.AspectLogging - Service layer, Method name: getAll starts
18:47:43.618 [http-nio-8080-exec-10] INFO  com.epam.esm.logging.AspectLogging - Model layer, Method name: getAll starts
18:47:59.578 [http-nio-8080-exec-1] INFO  com.epam.esm.logging.AspectLogging - Service layer, Method name: update starts
18:47:59.584 [http-nio-8080-exec-1] INFO  com.epam.esm.logging.AspectLogging - Service layer, Method name: update starts
18:47:59.584 [http-nio-8080-exec-1] INFO  com.epam.esm.logging.AspectLogging - Model layer, Method name: getById starts
18:47:59.587 [http-nio-8080-exec-1] INFO  com.epam.esm.logging.AspectLogging - Model layer, Method name: update starts
18:48:11.119 [http-nio-8080-exec-2] INFO  com.epam.esm.logging.AspectLogging - Service layer, Method name: insert starts
18:48:11.121 [http-nio-8080-exec-2] INFO  com.epam.esm.logging.AspectLogging - Service layer, Method name: insert starts
18:48:11.121 [http-nio-8080-exec-2] INFO  com.epam.esm.logging.AspectLogging - Service layer, Method name: getCertificateTagList starts
18:48:11.128 [http-nio-8080-exec-2] INFO  com.epam.esm.logging.AspectLogging - Model layer, Method name: findTagByTagName starts
18:48:11.134 [http-nio-8080-exec-2] INFO  com.epam.esm.logging.AspectLogging - Model layer, Method name: insert starts
18:48:11.158 [http-nio-8080-exec-2] INFO  com.epam.esm.logging.AspectLogging - Model layer, Method name: findTagByTagName starts
18:48:11.168 [http-nio-8080-exec-2] INFO  com.epam.esm.logging.AspectLogging - Model layer, Method name: findTagByTagName starts
18:48:11.174 [http-nio-8080-exec-2] INFO  com.epam.esm.logging.AspectLogging - Model layer, Method name: insert starts
18:48:36.278 [RMI TCP Connection(4)-127.0.0.1] INFO  o.s.b.a.SpringApplicationAdminMXBeanRegistrar$SpringApplicationAdmin - Application shutdown requested.
18:48:36.394 [RMI TCP Connection(4)-127.0.0.1] INFO  o.s.o.j.LocalContainerEntityManagerFactoryBean - Closing JPA EntityManagerFactory for persistence unit 'default'
18:48:36.396 [RMI TCP Connection(4)-127.0.0.1] INFO  com.zaxxer.hikari.HikariDataSource - HikariPool-1 - Shutdown initiated...
18:48:36.410 [RMI TCP Connection(4)-127.0.0.1] INFO  com.zaxxer.hikari.HikariDataSource - HikariPool-1 - Shutdown completed.
